<?xml version="1.0" encoding="UTF-8"?>
<!-- Generated by org.testng.reporters.JUnitXMLReporter -->
<testsuite hostname="Sujoy-PC" ignored="0" name="Test" tests="1" failures="1" timestamp="09 Feb 2019 16:03:07 GMT" time="17.995" errors="0">
  <testcase name="login" time="15.324" classname="com.gs.selenium.testcases.LoginTest">
    <failure type="java.lang.AssertionError" message="expected [7] but found [6]">
      <![CDATA[java.lang.AssertionError: expected [7] but found [6]
at com.gs.selenium.testcases.LoginTest.login(LoginTest.java:35)
... Removed 40 stack frames]]>
    </failure>
  </testcase> <!-- login -->
</testsuite> <!-- Test -->
