<?xml version="1.0" encoding="UTF-8" ?>
<testsuite tests="1" failures="1" name="TestSuite" time="15.344" errors="0" skipped="0">
  <properties>
[...]
</properties>
  <testcase classname="com.gs.selenium.testcases.LoginTest" name="login" time="15.344">
    <failure message="expected [7] but found [6]" type="java.lang.AssertionError">java.lang.AssertionError: expected [7] but found [6]
	at org.testng.Assert.fail(Assert.java:96)
	at org.testng.Assert.failNotEquals(Assert.java:776)
	at org.testng.Assert.assertEqualsImpl(Assert.java:137)
	at org.testng.Assert.assertEquals(Assert.java:118)
	at org.testng.Assert.assertEquals(Assert.java:652)
	at org.testng.Assert.assertEquals(Assert.java:662)
	at com.gs.selenium.testcases.LoginTest.login(LoginTest.java:35)
</failure>
    <system-out>2019-02-09 21:32:54--INFO -baseutil.TestBase-main:Browser instance created
2019-02-09 21:32:56--INFO -baseutil.TestBase-main:Browser Maximized
2019-02-09 21:32:59--INFO -baseutil.TestBase-main:Application Launched
2019-02-09 21:32:59--INFO -utility.SeleniumUtility-main:Value Entered successfully in UserName textbox
2019-02-09 21:32:59--INFO -utility.SeleniumUtility-main:Value Entered successfully in Password textbox
2019-02-09 21:33:04--INFO -utility.SeleniumUtility-main:Clicked successfully on Login Button
</system-out>
    <system-err>Starting ChromeDriver 2.46.628402 (536cd7adbad73a3783fdc2cab92ab2ba7ec361e1) on port 6392
Only local connections are allowed.
Please protect ports used by ChromeDriver and related test frameworks to prevent access by malicious code.
Feb 09, 2019 9:32:54 PM org.openqa.selenium.remote.ProtocolHandshake createSession
INFO: Detected dialect: OSS
</system-err>
  </testcase>
</testsuite>