<?xml version="1.0" encoding="UTF-8"?>
<testng-results skipped="0" failed="0" ignored="0" total="1" passed="1">
  <reporter-output>
  </reporter-output>
  <suite name="Suite" duration-ms="15055" started-at="2019-02-10T07:32:07Z" finished-at="2019-02-10T07:32:22Z">
    <groups>
    </groups>
    <test name="Test" duration-ms="15055" started-at="2019-02-10T07:32:07Z" finished-at="2019-02-10T07:32:22Z">
      <class name="com.gs.selenium.testcases.LoginTest">
        <test-method status="PASS" signature="login(java.lang.String, java.lang.String)[pri:0, instance:com.gs.selenium.testcases.LoginTest@10aa41f2]" name="login" duration-ms="12334" started-at="2019-02-10T07:32:07Z" data-provider="data-provider" finished-at="2019-02-10T07:32:19Z">
          <params>
            <param index="0">
              <value>
                <![CDATA[mercury]]>
              </value>
            </param>
            <param index="1">
              <value>
                <![CDATA[mercury]]>
              </value>
            </param>
          </params>
          <reporter-output>
          </reporter-output>
        </test-method> <!-- login -->
        <test-method status="PASS" signature="tearDown()[pri:0, instance:com.gs.selenium.testcases.LoginTest@10aa41f2]" name="tearDown" is-config="true" duration-ms="2648" started-at="2019-02-10T07:32:19Z" finished-at="2019-02-10T07:32:22Z">
          <reporter-output>
          </reporter-output>
        </test-method> <!-- tearDown -->
      </class> <!-- com.gs.selenium.testcases.LoginTest -->
    </test> <!-- Test -->
  </suite> <!-- Suite -->
</testng-results>
